<?xml version="1.0" encoding="UTF-8"?>
<!-- Generated by org.testng.reporters.JUnitReportReporter -->
<testsuite skipped="0" hostname="Evans-Air" name="search.TestingAmazonSearch" tests="1" failures="0" timestamp="18 Apr 2020 13:46:59 GMT" time="28.221" errors="0">
  <testcase name="testTypingOnSearchBox" time="28.221" classname="search.TestingAmazonSearch"/>
</testsuite> <!-- search.TestingAmazonSearch -->
